C:\CSharp\Customer Management\client\dist\out-tsc\e2e\src\app.po.js
C:\CSharp\Customer Management\client\dist\out-tsc\e2e\src\app.po.js.map
C:\CSharp\Customer Management\client\dist\out-tsc\e2e\src\app.e2e-spec.js
C:\CSharp\Customer Management\client\dist\out-tsc\e2e\src\app.e2e-spec.js.map
C:\CSharp\Customer Management\client\dist\out-tsc\src\app\app-routing.module.js
C:\CSharp\Customer Management\client\dist\out-tsc\src\app\app-routing.module.js.map
C:\CSharp\Customer Management\client\dist\out-tsc\src\app\customer.service.js
C:\CSharp\Customer Management\client\dist\out-tsc\src\app\customer.service.js.map
C:\CSharp\Customer Management\client\dist\out-tsc\src\app\app.component.js
C:\CSharp\Customer Management\client\dist\out-tsc\src\app\app.component.js.map
C:\CSharp\Customer Management\client\dist\out-tsc\src\app\customers\customers.component.js
C:\CSharp\Customer Management\client\dist\out-tsc\src\app\customers\customers.component.js.map
C:\CSharp\Customer Management\client\dist\out-tsc\src\app\customer-operations\customer-operations.component.js
C:\CSharp\Customer Management\client\dist\out-tsc\src\app\customer-operations\customer-operations.component.js.map
C:\CSharp\Customer Management\client\dist\out-tsc\src\app\app.module.js
C:\CSharp\Customer Management\client\dist\out-tsc\src\app\app.module.js.map
C:\CSharp\Customer Management\client\dist\out-tsc\src\environments\environment.js
C:\CSharp\Customer Management\client\dist\out-tsc\src\environments\environment.js.map
C:\CSharp\Customer Management\client\dist\out-tsc\src\main.js
C:\CSharp\Customer Management\client\dist\out-tsc\src\main.js.map
C:\CSharp\Customer Management\client\dist\out-tsc\src\polyfills.js
C:\CSharp\Customer Management\client\dist\out-tsc\src\polyfills.js.map
C:\CSharp\Customer Management\client\dist\out-tsc\src\test.js
C:\CSharp\Customer Management\client\dist\out-tsc\src\test.js.map
C:\CSharp\Customer Management\client\dist\out-tsc\src\app\app.component.spec.js
C:\CSharp\Customer Management\client\dist\out-tsc\src\app\app.component.spec.js.map
C:\CSharp\Customer Management\client\dist\out-tsc\src\app\customer.service.spec.js
C:\CSharp\Customer Management\client\dist\out-tsc\src\app\customer.service.spec.js.map
C:\CSharp\Customer Management\client\dist\out-tsc\src\app\customer-operations\customer-operations.component.spec.js
C:\CSharp\Customer Management\client\dist\out-tsc\src\app\customer-operations\customer-operations.component.spec.js.map
C:\CSharp\Customer Management\client\dist\out-tsc\src\app\customers\customers.component.spec.js
C:\CSharp\Customer Management\client\dist\out-tsc\src\app\customers\customers.component.spec.js.map
C:\CSharp\Customer Management\client\dist\out-tsc\src\environments\environment.prod.js
C:\CSharp\Customer Management\client\dist\out-tsc\src\environments\environment.prod.js.map
